<?xml version="1.0" encoding="UTF-8"?>
<!-- Generated by org.testng.reporters.JUnitReportReporter -->
<testsuite hostname="ECSTVM-ALICEAJ" failures="0" tests="1" name="tests.HomePageTest" time="523.404" errors="0" timestamp="2024-07-18T18:23:41 GST" skipped="0">
  <testcase classname="tests.HomePageTest" name="RecipeAtoETest" time="523.404"/>
</testsuite> <!-- tests.HomePageTest -->
