<?xml version="1.0" encoding="UTF-8"?>
<!-- Generated by org.testng.reporters.JUnitReportReporter -->
<testsuite hostname="MSI" failures="0" tests="1" name="tests.HomePageTest" time="52.288" errors="0" timestamp="2024-07-18T03:01:30 EDT" skipped="0">
  <testcase classname="tests.HomePageTest" name="recipes_PtoT_Test" time="52.288"/>
</testsuite> <!-- tests.HomePageTest -->
