<?xml version="1.0" encoding="UTF-8"?>
<!-- Generated by org.testng.reporters.JUnitReportReporter -->
<testsuite hostname="MSI" failures="0" tests="1" name="tests.HomePageTest" time="207.779" errors="0" timestamp="2024-07-18T12:21:09 EDT" skipped="0">
  <testcase classname="tests.HomePageTest" name="recipes_PtoT_Test" time="207.779"/>
</testsuite> <!-- tests.HomePageTest -->
