<?xml version="1.0" encoding="UTF-8"?>
<!-- Generated by org.testng.reporters.JUnitReportReporter -->
<testsuite hostname="KYP0113" failures="0" tests="1" name="tests.HomePageTest" time="67.219" errors="0" timestamp="2024-07-16T23:29:27 EDT" skipped="0">
  <testcase classname="tests.HomePageTest" name="RecipeAtoETest" time="67.219"/>
</testsuite> <!-- tests.HomePageTest -->
